<?xml version="1.0" encoding="UTF-8"?>
<!-- Generated by org.testng.reporters.JUnitXMLReporter -->
<testsuite hostname="DESKTOP-LQHB81I" ignored="0" name="AdactinHotelTest" tests="8" failures="2" timestamp="2019-12-11T15:55:59 CST" time="48.519" errors="0">
  <testcase name="verifyHotelSearch" time="0.575" classname="com.adactin.testcases.SelectionPageTest"/>
  <testcase name="verifySelectHotelText" time="0.056" classname="com.adactin.testcases.SelectionPageTest">
    <failure type="java.lang.AssertionError" message="SEARCH HOTEL text is not present did not expect to find [false] but found [true]">
      <![CDATA[java.lang.AssertionError: SEARCH HOTEL text is not present did not expect to find [false] but found [true]
at com.adactin.testcases.SelectionPageTest.verifySelectHotelText(SelectionPageTest.java:41)
at java.util.ArrayList.forEach(Unknown Source)
... Removed 30 stack frames]]>
    </failure>
  </testcase> <!-- verifySelectHotelText -->
  <testcase name="verifyTitleTest" time="0.004" classname="com.adactin.testcases.LoginPageTest"/>
  <testcase name="verifyLogoTest" time="0.03" classname="com.adactin.testcases.LoginPageTest"/>
  <testcase name="verifyForgotPwdLink" time="0.029" classname="com.adactin.testcases.LoginPageTest"/>
  <testcase name="verifyLoginTest" time="1.091" classname="com.adactin.testcases.LoginPageTest"/>
  <testcase name="verifyUsernameDisplay" time="0.042" classname="com.adactin.testcases.HomePageTest">
    <failure type="java.lang.AssertionError" message="username is not displayed did not expect to find [false] but found [true]">
      <![CDATA[java.lang.AssertionError: username is not displayed did not expect to find [false] but found [true]
at com.adactin.testcases.HomePageTest.verifyUsernameDisplay(HomePageTest.java:38)
at java.util.ArrayList.forEach(Unknown Source)
... Removed 30 stack frames]]>
    </failure>
  </testcase> <!-- verifyUsernameDisplay -->
  <testcase name="verifySearchData" time="1.379" classname="com.adactin.testcases.HomePageTest"/>
</testsuite> <!-- AdactinHotelTest -->
